Skipping already processed image: 0000000241123_aqiLo7L.jpg
Skipping already processed image: 0205c756c378afe5fdf11635e9262559.jpg
Skipping already processed image: 02_guyonmaxime_Technological_Exaptation_10-700x876.jpg
Skipping already processed image: 02_guyonmaxime_Technological_Exaptation_22-700x876.jpg
Skipping already processed image: 106210 Govinda Jaya Jaya - front.jpg
Skipping already processed image: 1084433ebfa63a35b4ee64cbd4c8a50e.jpg
Skipping already processed image: 116411061-2.jpg
Skipping already processed image: 116411061.jpg
Skipping already processed image: 116411064-2.jpg
Skipping already processed image: 12701895075_5ecc399ec5_b.jpg
Skipping already processed image: 129e2790-10c7-0130-a737-0050569446fe.jpg
Skipping already processed image: 1449454984139.png
Skipping already processed image: 14803190529_f32f1f5a04_o.jpg
Skipping already processed image: 1568662070422.jpg
Skipping already processed image: 1576533128347.jpg
Skipping already processed image: 1576549911682.jpg
Skipping already processed image: 1576552963197.jpg
Skipping already processed image: 1585538458112.jpg
Skipping already processed image: 1585545045631.jpg
Skipping already processed image: 1592106988977.jpg
Skipping already processed image: 1592275305982.png
Skipping already processed image: 1594371729173.jpg
Skipping already processed image: 1594776351707.png
Skipping already processed image: 1596932455241.jpg
Skipping already processed image: 1596936583529.jpg
Skipping already processed image: 1597379681161.jpg
Skipping already processed image: 1598740774604.jpg
Skipping already processed image: 1600829725766.jpg
Skipping already processed image: 1631739192361.jpg
Skipping already processed image: 1638827213295.jpg
Skipping already processed image: 1649028817937.jpg
Skipping already processed image: 1657386687100.jpg
Skipping already processed image: 1662494330699998.jpg
Skipping already processed image: 1984-Apple-Computer-Breakthrough-8-Pages-Vintage-Print.jpg
Skipping already processed image: 20200825_160603.jpg
Skipping already processed image: 20200825_160610.jpg
Skipping already processed image: 20200826_214231.jpg
Skipping already processed image: 20200826_214233.jpg
Skipping already processed image: 20200826_214235.jpg
Skipping already processed image: 20200917_223146.jpg
Skipping already processed image: 20200917_223152.jpg
Skipping already processed image: 20200917_223158.jpg
Skipping already processed image: 20200917_223202.jpg
Skipping already processed image: 20200917_223213.jpg
Skipping already processed image: 20200922_200115.jpg
Skipping already processed image: 20201003_213526.jpg
Skipping already processed image: 20201005_215320.jpg
Skipping already processed image: 20201005_215324.jpg
Skipping already processed image: 28436093_2132141446811120_7749708898637971456_n.jpg
Skipping already processed image: 418112.jpg
Skipping already processed image: 50196822128_0226cea847_c.jpg
Skipping already processed image: 50197370146_e0de5618b3_c.jpg
Skipping already processed image: 50208415331_ae7ed4fa4d_c.jpg
Skipping already processed image: 50210464021_a4bdb297de_c.jpg
Skipping already processed image: 50241838368_d4d34f81d0_c.jpg
Skipping already processed image: 50242479686_97421252c0_c.jpg
Skipping already processed image: 50242695752_fc2036b219_c.jpg
Skipping already processed image: 50242871092_a7a1ffce75_c.jpg
Skipping already processed image: 50242871532_c32823ce63_c.jpg
Skipping already processed image: 50242871687_38956ed474_c.jpg
Skipping already processed image: 50313342803_a9fbaa6944_c.jpg
Skipping already processed image: 50314015021_9be741faab_c.jpg
Skipping already processed image: 50314015176_6a7d8fee6f_c.jpg
Skipping already processed image: 50375927298_0fbbfac08c_c.jpg
Skipping already processed image: 51478656567_3a3989540f_c.jpg
Skipping already processed image: 51479665013_fbc6000d71_c.jpg
Skipping already processed image: 51496879446_69172f22cf_c.jpg
Skipping already processed image: 51564657627_129a21bc38_c.jpg
Skipping already processed image: 51801951976_e8a1aa10e1_c.jpg
Skipping already processed image: 650552-aces-of-war-playstation-2-media.jpg
Skipping already processed image: 664f795110a34102935958df90934619.jpg
Skipping already processed image: 68664853_1383680665121933_2619533169812045824_n.jpg
Skipping already processed image: 6ceadd0e0b72fbd2cc52a2e95d4173ac.jpg
Skipping already processed image: 70988835_1383680695121930_6152422952236220416_n.jpg
Skipping already processed image: 71101039_1383680741788592_8420456492464865280_n.jpg
Skipping already processed image: 71588901_1383680771788589_3548096861459972096_n.jpg
Skipping already processed image: 72ad5fca437f041fa61a431a5e511fe3.jpg
Skipping already processed image: 756bf5f45244e21568dbf9209bb3348e.jpg
Skipping already processed image: 7a3713fd.jpg
Skipping already processed image: 800px-Hacker_Cover_Tape.jpg
Skipping already processed image: 89dd11af9250510ec897ff47a35a798a.jpg
Skipping already processed image: 8e28b7d6-9cac-11e8-93b7-14d7913791d3.jpg
Skipping already processed image: 99c3c42424d410c21ee6b12171c12da3.jpg
Skipping already processed image: a1633f9a0810f2a4063504ab668b4f32.jpg
Skipping already processed image: ABUG_44_-_1987-02_0000.jpg
Skipping already processed image: Adventure_Probe_Issue0307_0000.jpg
Skipping already processed image: African-90.341-front.jpg
Skipping already processed image: AppleBits_1986-08_0000.jpg
Skipping already processed image: AppleBits_v7n8_1986-09_0000.jpg
Skipping already processed image: Applesauce_South_Australian_Apple_Users_Club_newsletter_1989-11_0000.jpg
Skipping already processed image: asdzzzzz.JPG
Skipping already processed image: autumn_wide.JPG
Skipping already processed image: AUUGN-V17.1_0000.jpg
Skipping already processed image: AUUGN-V25.1_0000.jpg
Skipping already processed image: b.jpg
Skipping already processed image: b4a65185272c2813ab551d7a00525b33.jpg
Skipping already processed image: b4ea3c60c745fadd1b7165195e356712.jpg
Skipping already processed image: Back.jpg
Skipping already processed image: beatgeneration.jpg
Skipping already processed image: beatgeneration1.jpg
Skipping already processed image: Capital_Apple_Journal_of_the_Wellington_Apple_Users_Group_1990-04_0000.jpg
Skipping already processed image: Capital_Apple_Journal_of_the_Wellington_Apple_Users_Group_1990-12_0000.jpg
Skipping already processed image: Capital_Apple_Journal_of_the_Wellington_Apple_Users_Group_1991-02_0000.jpg
Skipping already processed image: Capital_Apple_Journal_of_the_Wellington_Apple_Users_Group_1991-03_0000.jpg
Skipping already processed image: Capital_Apple_Journal_of_the_Wellington_Apple_Users_Group_1991-05_0000.jpg
Skipping already processed image: car.jpg
Skipping already processed image: cbd227802305a9cd3fb05fbe56e4a309.jpg
Skipping already processed image: Cf1PPb8WEAATczC.jpg
Skipping already processed image: choi-so-young-house-and-cat-paintings-zoom-1024x1020.jpg
Skipping already processed image: cincinnati.jpg
Skipping already processed image: clouds.JPG
Skipping already processed image: crystals.JPG
Skipping already processed image: C_tbaQKWAAAcEE3.jpg
Skipping already processed image: D0G7NtQXgAAbn11.jpg
Skipping already processed image: Dhu6VkzWsAEOs0c.jpg
Skipping already processed image: dreamer_newsletter_15_r_0000.jpg
Skipping already processed image: E4BviW8VUAAAtGR.jfif
Skipping already processed image: E4FldNlWUAMzAmD.jfif
Skipping already processed image: E4FldNSWEAMRniC (1).jfif
Skipping already processed image: E4FldNSWEAMRniC.jfif
Skipping already processed image: E5zonb_WQAMRuXg.jfif
Skipping already processed image: E8iIXezXEAgKJEg.jpg
Skipping already processed image: E9QEY-TXEAE7eIT.jpg
Skipping already processed image: ea69868bfefd9122dd8b6935a9cfebb6.jpg
Skipping already processed image: EaxyHx9X0AA6Npa.jpg
Skipping already processed image: Ec3BOpxXgAAFhex.jpg
Skipping already processed image: EdA0s1oU0AEWB6M.jpg
Skipping already processed image: Ee1f_woXsAIf0Q0.jpg
Skipping already processed image: Ee1gBLHXYAEDaOK.jpg
Skipping already processed image: Ee1IdMZVAAEEHot.jpg
Skipping already processed image: EeG_30SU0AAFkKY.jpg
Skipping already processed image: Eer1ffNU0AAzarG.jpg
Skipping already processed image: Eer7zcgU0AEjQad.jpg
Skipping already processed image: EeY40IeUMAICpsr.jpg
Skipping already processed image: EeY44CCVoAEg1wO.jpg
Skipping already processed image: EeY46eSVoAAcKDv.jpg
Skipping already processed image: EeY4pNRUYAEISTi.jpg
Skipping already processed image: EeY4siOUcAAPF4a.jpg
Skipping already processed image: EeY4_qqUEAIPTbF.jpg
Skipping already processed image: EeY6OGsXgAAynPU.jpg
Skipping already processed image: Efa71wXUEAIiTwk.jpg
Skipping already processed image: EfL82ESUMAAdhtz.jpg
Skipping already processed image: EfL8wFHU0AApxKb.jpg
Skipping already processed image: EfMAk8_VAAEQXWa.jpg
Skipping already processed image: EfMASxHVoAAG3-Q.jpg
Skipping already processed image: EhfXxl9XgAAtxXE.jpg
Skipping already processed image: EhVE6FRXkAMgOPR.jpg
Skipping already processed image: Ej2HE1RVgAEwhIV.jpg
Skipping already processed image: ElHjoCdXEAIrWUs.jpg
Skipping already processed image: EMDXdDFWkAAIrnu.jpg
Skipping already processed image: EmmnHS-XMAIw0FW.png
Skipping already processed image: EoHb3-bXYAIg5zl.jpg
Skipping already processed image: EoHb30xWMAABDmB.jpg
Skipping already processed image: EoHb4LDWMAA0qfC.jpg
Skipping already processed image: EoHb4ZnXcAEsT49.jpg
Skipping already processed image: EqBvIGEXAAkYZa-.jfif
Skipping already processed image: ex.jpg
Skipping already processed image: EZeOrFOVAAAbs18.jpg
Skipping already processed image: FaCUAOUWYAI1vIy.jpg
Skipping already processed image: FaM2MJaWYAAZUMS.jpg
Skipping already processed image: FaM2QRuWIAA305R.jpg
Skipping already processed image: FaSZniPWIAAnIMs.jpg
Skipping already processed image: FaSZniPWYAIGKeZ.jpg
Skipping already processed image: FaTT6SUWQAAt6Wa.jpg
Skipping already processed image: fb145743dbd817099bf9918c17f3755c.jpg
Skipping already processed image: Fb3JOISVUAAkgR6.jpg
Skipping already processed image: FbA3SBEXoAAZNcC.jpg
Skipping already processed image: FbA5fxeXgAAHw2i.jpg
Skipping already processed image: FbA5fxeXgAEckkj.jpg
Skipping already processed image: FbXuU5sX0AA95tU.jpg
Skipping already processed image: FcTEQWhXEAIE5KQ.jpg
Skipping already processed image: FcTESb9WYAAdNLS.jpg
Skipping already processed image: FcTFScLXkGADqU7.jpg
Skipping already processed image: FcTFYHYXwAUAab2.jpg
Skipping already processed image: FcVMocfakAY395E.jpg
Skipping already processed image: FcVMpmzaUAAwXUo.png
Skipping already processed image: FcVMsc2akAEj5AP.jpg
Skipping already processed image: FcVN12PWAAg5sVz.png
Skipping already processed image: FcVN2kiXgAAlmrP.png
Skipping already processed image: FcVN3UzXoAEBW3b.png
Skipping already processed image: FcVN4AEXkAMpyo0.png
Skipping already processed image: FcVNAclaIAA5ZPg.png
Skipping already processed image: FdaP9MdX0AEFV7R.jpg
Skipping already processed image: Fdb5DvEXEAMVwXu.jpg
Skipping already processed image: FDb8X0nWYAM8Gg1.jfif
Skipping already processed image: Fdc8SIjWIAITTbO.jpg
Skipping already processed image: FdEjVyHWQAMe_cD.jpg
Skipping already processed image: FdY6_jlVEAIlyVW.jpg
Skipping already processed image: FGIxPWUXoAEf54M.png
Skipping already processed image: FHdsGmQXMAokAct.jfif
Skipping already processed image: fish.jpeg
Skipping already processed image: FJf1QQxXwAIFQsf.jfif
Skipping already processed image: FJM2lpiXoAEpkYN.jfif
Skipping already processed image: FJpu_MtXEAQPFrY.jfif
Skipping already processed image: FJpu_MvXIAkvzgy.jfif
Skipping already processed image: FJpv2-7X0AEHBQD.jfif
Skipping already processed image: FKDpHazUYAIOSbP.jfif
Skipping already processed image: FKikUokXEAQH6N_.jfif
Skipping already processed image: FL0cejLXoAYS0zH.jfif
Skipping already processed image: FL0H2HGWUAAAbVw.jfif
Skipping already processed image: FL0jW9CWQAMeLp8.jfif
Skipping already processed image: FL0OuT-XEAcQ89T.jfif
Skipping already processed image: FL0qPNGXIAAr_dh.jfif
Skipping already processed image: FL1JPgbXEAUMk_4.jfif
Skipping already processed image: FLg8VVTXsAYJ8nK.jfif
Skipping already processed image: FLGb211XsAMherx.jfif
Skipping already processed image: FLggxMRXoAwgAZT.png
Skipping already processed image: FLgPktQXMAgFr2q.jfif
Skipping already processed image: FLGRiloWYAAb1xH.jfif
Skipping already processed image: FLJcmMaXEAA1DrG.jfif
Skipping already processed image: FLJVqFHXIAMA-fa.jfif
Skipping already processed image: FLLi66dXoAcGV5K.jfif
Skipping already processed image: FLMWlBsXsAwogjZ.jfif
Skipping already processed image: FLnBNOoX0AAhoDK.jfif
Skipping already processed image: FLnnFh1XoAEphN6.png
Skipping already processed image: FLPNJ1VXMAMrTlV.jfif
Skipping already processed image: FLPQl08WQAQdlej.jfif
Skipping already processed image: FLptWIbXEAUVUEl.jfif
Skipping already processed image: FLQqHbkXIAQaqF8.jfif
Skipping already processed image: FLrRKLAVQAEVMc5.jfif
Skipping already processed image: FLRXNuIXsAUljD1.jfif
Skipping already processed image: FLs76fPWYAQhleq.jfif
Skipping already processed image: FLsK4IlVUAIv0j_.jfif
Skipping already processed image: FLsLtuIX0AUoTyI.jfif
Skipping already processed image: FLsSl62WQAQZl3e.jfif
Skipping already processed image: FLutcLuWUAI74x0.jfif
Skipping already processed image: FLVgJa8VEAMyYWU.jfif
Skipping already processed image: FO3wW4-XEAIaS_Q.jpg
Skipping already processed image: FO4QzSPXMAUMLJ2.jpg
Skipping already processed image: FO98k0tVIAEvIyC.png
Skipping already processed image: folkwaysMexico.jpg
Skipping already processed image: FQuThtaakAAGxzC.jpg
Skipping already processed image: FQxRZeuaQAA-5Qh.jpg
Skipping already processed image: FRHx6KJaMAAuMCx.jpg
Skipping already processed image: Front.jpg
Skipping already processed image: FS-89fsUUAAOydl.jpg
Skipping already processed image: FSbPDxYXsAADBT7.jpg
Skipping already processed image: FSfbjIgXIAEHTQD.jpg
Skipping already processed image: FSHGCcUXIAExcur 2.jpg
Skipping already processed image: FSHGCcUXIAExcur.jpg
Skipping already processed image: FShtmBbXoAE5DFT.jpg
Skipping already processed image: FT7nBD5XEAIWHOg.jpg
Skipping already processed image: FullFront.jpg
Skipping already processed image: FWmfrF3WQAEi4Vb.jpg
Skipping already processed image: FWmfrF3XkAsIkib.jpg
Skipping already processed image: FWmfrF4XkAAiKPs.jpg
Skipping already processed image: FWmfrFyXgAIzs7A.jpg
Skipping already processed image: FX3x2G1akAAh2p7.png
Skipping already processed image: FY7Nch4aQAAT2wr.jpg
Skipping already processed image: FY7Nch7acAADDHw.jpg
Skipping already processed image: FYikAu7X0AAJSJ6.jpg
Skipping already processed image: FZ-5B9dXgAEBIrn.jpg
Skipping already processed image: FZFfVdHXEAAxyZV.jpg
Skipping already processed image: FZfpPAyXwAA1Ay0.jpg
Skipping already processed image: FZphj1WUIAAaIIX.jpg
Skipping already processed image: FZPhk-JVUAI6n86.jpg
Skipping already processed image: FZro6lQX0AoEDbH.jpg
Skipping already processed image: FZya5H7XEAAJmMx.png
Skipping already processed image: FZZdYoFWQAAZNbd.jpg
Skipping already processed image: GaBf3eEWcAANwVU.jpg
Skipping already processed image: GaBfz18XEAAEjWu.jpg
Skipping already processed image: GaBgAM0WoAAS6uo.jpg
Skipping already processed image: GaBgOeXXMAACfuu.jpg
Skipping already processed image: GaplaSHWAAARdCm.jpg
Skipping already processed image: garfield.jpg
Skipping already processed image: Gb0FlNiXwAcDJau.jpg
Skipping already processed image: Gb0L6pUXYAs9XoR.jpg
Skipping already processed image: Gb0MBlzWwAkaBdN.jpg
Skipping already processed image: Gb2P3urbwAEJNnU.png
Skipping already processed image: Gb2P537bwAMMlnA.jpg
Skipping already processed image: Gb7qO_fawAA0Z0C.jpg
Skipping already processed image: GbAq9JnWoAAyx96.jpg
Skipping already processed image: GbhrXmnbkAAjmhE.jpg
Skipping already processed image: GbhrXsIbkAAZUPS.jpg
Skipping already processed image: GbhrXsrbcAAQHoe.jpg
Skipping already processed image: GbmPfEPXYAAyGmr.png
Skipping already processed image: Gbq_Ti5W0BYfwBB.jpg
Skipping already processed image: GbtWSg1WcB0iPyB.jpg
Skipping already processed image: GbvQtf8XEAAHhGy.jpg
Skipping already processed image: GbW2SkSXQAAe72L.jpg
Skipping already processed image: GbW2SlWXAAA9uI9.jpg
Skipping already processed image: GbW2SnOWUAAu6N8.jpg
Skipping already processed image: GcD7q1sWgAE1N2c.jpg
Skipping already processed image: GcD_MUjbwAA_NL2.jpg
Skipping already processed image: GcF5o7oXsAArRcv.jpg
Skipping already processed image: GcGSC8lWAAAdL1O.jpg
Skipping already processed image: GettyImages-993695608-1579360589-1000x975.jpg
Skipping already processed image: GLgti1qaEAA-iNI.jpg
Skipping already processed image: GLgtkRQb0AACIQW.jpg
Skipping already processed image: GLgtxBZaUAAZZR4.jpg
Skipping already processed image: GLgu8G3bMAA9TMh.jpg
Skipping already processed image: GLgwElhXsAAQdSd.jpg
Skipping already processed image: GLPNr2eWkAAfvpR.png
Skipping already processed image: GM-G_vsWUAAWV5i.jpg
Skipping already processed image: GMWmcfOagAA1zC3.jpg
Skipping already processed image: GNAWUFKaQAE72dV.jpg
Skipping already processed image: GNAWUHLbcAAuQ10.jpg
Skipping already processed image: GNAWUHyaQAAuIBK.jpg
Skipping already processed image: GNLOfkQWMAA-Tbb.jpg
Skipping already processed image: GNMuu6AaIAAO4C2.jpg
Skipping already processed image: GNp39-iWsAAFZAw.jpg
Skipping already processed image: GOadkNHWQAASSQU.jpg
Skipping already processed image: GODCv5iXYAAgTKL.jpg
Skipping already processed image: GOkP3djWQAA7qL8.jpg
Skipping already processed image: GOy1tgRWcAAbbPP.jpg
Skipping already processed image: greencomputer.PNG
Skipping already processed image: GRqXR-BbMAA2oC3.jpg
Skipping already processed image: GRqXR8DakAAE16f.png
Skipping already processed image: GRqXR8Fb0AABopx.jpg
Skipping already processed image: GRqXR_rbMAQ6SLd.jpg
Skipping already processed image: GX8xuvWXwAEsUFS.jpg
Skipping already processed image: GX8xuvYW0AA_BBL.jpg
Skipping already processed image: GX8xuvZWQAEbNnk.jpg
Skipping already processed image: GX8xuvZWYAAuWhl.jpg
Skipping already processed image: GXdU2SDWkAE9sAV.jpg
Skipping already processed image: GYc4CYtb0AEiv5B.jpg
Skipping already processed image: GYRj5AgbcAAaUa_.jpg
Skipping already processed image: GYWydzRWcAEjxwm.png
Skipping already processed image: GYwYYi7XwAAGYiD.jpg
Skipping already processed image: GYXM11pXwAED86I.jpg
Skipping already processed image: GYXM11vW0AApdv6.jpg
Skipping already processed image: GYXM14RXkAAHjIw.jpg
Skipping already processed image: GZ68WlyXcAAYkHH.jpg
Skipping already processed image: GZ68Wn8WgAA9kz-.jpg
Skipping already processed image: GZ68WnLXsAAraSM.jpg
Skipping already processed image: GZ76dg3XQAAHkxd.jpg
Skipping already processed image: GZeIepGXkAAWzCN.jpg
Skipping already processed image: GZeIVmzW0AEUi3b.jpg
Skipping already processed image: GZfCNHkWAAEmjs4.jpg
Skipping already processed image: GZk_t80XwAMgXUA.jpg
Skipping already processed image: GZk_uNxWAAgzGaE.jpg
Skipping already processed image: GZobt4jXwAEbYlT.jpg
Skipping already processed image: GZobt7MWYBAqjUB.jpg
Skipping already processed image: GZobuDwWIAIb93R.jpg
Skipping already processed image: GZobuFVXQCUsWq8.jpg
Skipping already processed image: GZoM-BkXYA0f70n.jpg
Skipping already processed image: GZp1BiFXkAceS7z.png
Skipping already processed image: GZPGWdbWYAA-i03.jpg
Skipping already processed image: GZPGWdVWoAAogVl.jpg
Skipping already processed image: GZPGWdYW4AAjD6x.jpg
Skipping already processed image: GZPGWdYXIAEte35.jpg
Skipping already processed image: Hamilton_Apple_Computer_Klub_Hackette_newsletter_1991-01_0000.jpg
Skipping already processed image: hand33.jpg
Skipping already processed image: i-img722x830-1542168858tuglj421827.jpg
Skipping already processed image: i-img722x830-1542168859itzkuk21827.jpg
Skipping already processed image: IIcspread.jpg
Skipping already processed image: image 10.png
Skipping already processed image: image 15.png
Skipping already processed image: image 18.png
Skipping already processed image: image 4.png
Skipping already processed image: image 9.png
Skipping already processed image: image.png
Skipping already processed image: img.jpg
Skipping already processed image: IMG_20200125_001840.jpg
Skipping already processed image: IMG_20200125_001842.jpg
Skipping already processed image: IMG_3602_b3e0a0b2-24b0-42c1-b3d2-36ef534f6940_1024x1024.jpg
Skipping already processed image: infant-back.jpg
Skipping already processed image: infant-front.jpg
Skipping already processed image: ISB-RGO201.002-front.jpg
Skipping already processed image: israel.JPG
Skipping already processed image: jimihendrix-70maui-non-label2.jpg
Skipping already processed image: joe-simon-better-than-ever-back.jpg
Skipping already processed image: joe-simon-better-than-ever-front.jpg
Skipping already processed image: John Berkey.jpg
Skipping already processed image: JohnBerkey.jpg
Skipping already processed image: KWERK.jpg
Skipping already processed image: land53.jpg
Skipping already processed image: large_0b41855f8290d6f303246c012cb9a480.png
Skipping already processed image: large_222b3a9bb2fde163029d20fff8eaaef2.jpg
Skipping already processed image: large_2edc5ea571c444ef2c9399e8c879d5a4.jpg
Skipping already processed image: large_3d02d9e2d2140d74a72b8fccd078454d.jpg
Skipping already processed image: large_43adaf1cfb98b850624f60e6c57f94eb.jpg
Skipping already processed image: large_4f15609cf6b3e30bd781c1e19d377164.jpg
Skipping already processed image: large_4f6b42733dfd84971c38b85b0f61bc3a.jpg
Skipping already processed image: large_5329c6c47998890f5a4fc6e2ad55b178.jpg
Skipping already processed image: large_5575fb3c0c81eb1bb47a52f6756a91d7.jpg
Skipping already processed image: large_5b89c201440602f78e49a6028e95eaed.jpg
Skipping already processed image: large_6064ffdcafd79fbf8749482e447bd7e7.jpg
Skipping already processed image: large_64001dad5610cbfcb86c9183f8c85bda.jpg
Skipping already processed image: large_6b7ff0dcff0aeddee4070c6cd96e982d.jpg
Skipping already processed image: large_74ae67219d5d445ce19a5494d0db290a.jpg
Skipping already processed image: large_74b475f5c5cc598cec9d1ef2f56a7985.jpg
Skipping already processed image: large_827df6f52219eb38b5908af21f62d417.jpg
Skipping already processed image: large_92c4b316af6e8750705c47d679090837.jpg
Skipping already processed image: large_96f6694ae7eb07fe611e03fd4d6a5756.jpg
Skipping already processed image: large_9a6fd2dbdac518b0890b1e0d4abd6ccc.jpg
Skipping already processed image: large_9c9efdd7c84d41c16fc773db7eb09f3d.jpg
Skipping already processed image: large_a02b4fb50cd78b283fe7ef29092ac0c5.jpg
Skipping already processed image: large_a907463d1f5aa15825e0e252e8ca9a8f.jpg
Skipping already processed image: large_ac729f08a4961052a3a275b415844127.jpg
Skipping already processed image: large_b184d5f3b7d3f6bb36a4e3cb123f98a0.jpg
Skipping already processed image: large_b59f1b85da647f07633193dbfecea582.jpg
Skipping already processed image: large_bc194e71fdc2c81e184fc58eed226075.jpg
Skipping already processed image: large_c1c2030cdc05962fece0f5674d46355f.jpg
Skipping already processed image: large_c3964f4da9854fa56ad303b5d9537810.jpg
Skipping already processed image: large_ce3885df7d5544b5d6ed229b96e305b5.jpg
Skipping already processed image: large_cee651c57c3207aa27ccb64398b6c245.jpg
Skipping already processed image: large_d0f46accb4388e855bba02d962ac1d1d.jpg
Skipping already processed image: large_e03ca511b9656a2571cf24781be2df75.jpg
Skipping already processed image: large_e4b64c611523209cc42d54414c3b09b3.jpg
Skipping already processed image: large_eb1c453f1aa3a8b181fd4bff5d56198f.jpg
Skipping already processed image: large_fac5288c0f23ef962ce386c8c7320378.jpg
Skipping already processed image: LOGIC_Maple_Orchard_1989-10_newsletter_0000.jpg
Skipping already processed image: LOGIC_Maple_Orchard_1989-12_newsletter_0000.jpg
Skipping already processed image: lorin 1 (1).jpg
Skipping already processed image: lp_sea-shanties-and-loggers-songs_sam-eskin_itemimage.png
Skipping already processed image: lp_sheng_rita-chao_itemimage.png
Skipping already processed image: lp_thats-lou_lou-rawls_itemimage.png
Skipping already processed image: lvaug296_0000.jpg
Skipping already processed image: LVCUG September 1991_0000.jpg
Skipping already processed image: Lyn-Roman-Greatest-Roman-LP.jpg
Skipping already processed image: martinradio1_30078789_1700406340037065_4859725611041554432_n.jpg
Skipping already processed image: martinradio1_32121674_248012712602573_2582709958462144512_n.jpg
Skipping already processed image: maxime_guyon_menu_website_23-1000x1250.jpg
Skipping already processed image: messpa050694_0000.jpg
Skipping already processed image: messpa070894_0000.jpg
Skipping already processed image: musicqconrete.jpg
Skipping already processed image: newstatue1.jpg
Skipping already processed image: ONLYTWOCOLORS.png
Skipping already processed image: OR2e8oY.jpg
Skipping already processed image: original_2699ab505113240e5622392d0213da5b.png
Skipping already processed image: original_f7a073b1180ed8fbc3688a1af1b4dc79.png
Skipping already processed image: original_f88c9d715f1d9f8769bdebe3b828cfcb.jpg
Skipping already processed image: p33sn_brumandbugle.jpg
Skipping already processed image: p33sn_lancers.jpg
Skipping already processed image: p33_uncommonman2.jpg
Skipping already processed image: portland_atari_club_1985-11_0000.jpg
Skipping already processed image: poster.jpg
Skipping already processed image: pp-arnold-angel-of-the-morning-br-music.jpg
Skipping already processed image: R-1005470-1183148365.jpeg.jpg
Skipping already processed image: R-10083914-1491321852-7061.jpg
Skipping already processed image: R-10098521-1491579271-4987.jpeg.jpg
Skipping already processed image: R-10132229-1538124748-2113.jpeg.jpg
Skipping already processed image: R-101610-1390692452-4517.jpeg.jpg
Skipping already processed image: R-10165057-1588468323-7305.jpeg.jpg
Skipping already processed image: R-10182337-1494972652-6156.jpg
Skipping already processed image: R-10204366-1493361231-5188.jpeg.jpg
Skipping already processed image: R-10204393-1493362033-7148.jpeg.jpg
Skipping already processed image: R-10303710-1495074312-6034.jpg
Skipping already processed image: R-10410091-1496865250-2255.jpeg.jpg
Skipping already processed image: R-1058498-1574592241-7431.jpeg.jpg
Skipping already processed image: R-1067676-1459183508-3671.jpg
Skipping already processed image: R-1067676-1459183510-7825.jpg
Skipping already processed image: R-10739160-1517574578-2556.jpg
Skipping already processed image: R-10768231-1503963091-9201.jpeg.jpg
Skipping already processed image: R-10847678-1505292158-4706.jpeg.jpg
Skipping already processed image: R-10945075-1636061952-9030.jpg
Skipping already processed image: R-10975243-1507543592-9690.jpeg.jpg
Skipping already processed image: R-1102763-1545149262-9472.jpg
Skipping already processed image: R-111596-1253016588.jpeg.jpg
Skipping already processed image: R-111596-1253016600.jpeg.jpg
Skipping already processed image: R-111596-1253016615.jpeg.jpg
Skipping already processed image: R-11159867-1517130805-1424.jpeg.jpg
Skipping already processed image: R-11202113-1511768205-3274.jpeg.jpg
Skipping already processed image: R-11218264-1512089329-3086.jpeg.jpg
Skipping already processed image: R-1124232-1325064138.jpeg.jpg
Skipping already processed image: R-11269656-1513105749-2655.jpeg.jpg
Skipping already processed image: R-11290800-1513533110-1411.jpg
Skipping already processed image: R-1133436-1557848178-8266.jpeg.jpg
Skipping already processed image: R-11391482-1516518802-6774.jpeg.jpg
Skipping already processed image: R-11452910-1516575700-4694.jpeg.jpg
Skipping already processed image: R-1165552-1212942879.jpeg.jpg
Skipping already processed image: R-1167704-1229461094.jpeg.jpg
Skipping already processed image: R-11792218-1522459121-9420.jpeg.jpg
Skipping already processed image: R-11792253-1522461163-8216.jpeg.jpg
Skipping already processed image: R-11792253-1522461164-2445.jpeg.jpg
Skipping already processed image: R-11792253-1522461381-8511.jpeg.jpg
Skipping already processed image: R-11809818-1525784415-3955.jpeg.jpg
Skipping already processed image: R-11887703-1535873531-6458.jpeg.jpg
Skipping already processed image: R-11960671-1525532418-9285.jpeg.jpg
Skipping already processed image: R-12038827-1527057638-2954.jpg
Skipping already processed image: R-12134255-1528984685-9570.jpeg.jpg
Skipping already processed image: R-121828-1611630244-6597.jpg
Skipping already processed image: R-121828-1611630275-5390.jpg
Skipping already processed image: R-12199853-1530327610-4646.jpeg.jpg
Skipping already processed image: R-12257399-1531575767-9592.jpeg.jpg
Skipping already processed image: R-12408061-1534687897-5789.jpeg.jpg
Skipping already processed image: R-12425506-1554787092-1658.jpeg.jpg
Skipping already processed image: R-1248787-1203660201.jpeg.jpg
Skipping already processed image: R-1248787-1203660217.jpeg.jpg
Skipping already processed image: R-1260351-1204478702.jpeg 1.jpg
Skipping already processed image: R-1260351-1204478702.jpeg.jpg
Skipping already processed image: R-12673969-1539800257-9993.jpeg.jpg
Skipping already processed image: R-12772160-1541639320-5281.jpeg.jpg
Skipping already processed image: R-12830959-1599733470-3691.jpg
Skipping already processed image: R-12838080-1544187086-3406.jpeg.jpg
Skipping already processed image: R-12838988-1542948678-8188.jpeg.jpg
Skipping already processed image: R-12847971-1562926074-1815.jpg
Skipping already processed image: R-12847971-1562926077-3135.jpg
Skipping already processed image: R-1286084-1344099708-3536.jpeg.jpg
Skipping already processed image: R-1292887-1207055912.jpeg.jpg
Skipping already processed image: R-1292887-1207055918.jpeg.jpg
Skipping already processed image: R-12945720-1545073181-4196.jpeg.jpg
Skipping already processed image: R-1294612-1238855000.jpg
Skipping already processed image: R-12977272-1545736637-7835.jpg
Skipping already processed image: R-12977272-1545736639-2379.jpg
Skipping already processed image: R-129882-1364129209-8753.jpeg.jpg
Skipping already processed image: R-129882-1364129247-1060.jpeg.jpg
Skipping already processed image: R-13025493-1546704987-6633.jpeg.jpg
Skipping already processed image: R-13057910-1547307950-1337.jpeg.jpg
Skipping already processed image: R-13123895-1548475522-3548.jpeg.jpg
Skipping already processed image: R-13129586-1552325454-6531.jpeg.jpg
Skipping already processed image: R-13129586-1552325457-6994.jpeg.jpg
Skipping already processed image: R-13163423-1549458819-9756.jpeg.jpg
Skipping already processed image: R-13163423-1549458828-1952.jpeg.jpg
Skipping already processed image: R-13175429-1549370793-7898.jpeg.jpg
Skipping already processed image: R-13235055-1550502187-1080.jpeg.jpg
Skipping already processed image: R-1330516-1394402332-5391.jpeg.jpg
Skipping already processed image: R-13375053-1553025240-7285.jpeg.jpg
Skipping already processed image: R-13410844-1553687978-4940.jpeg.jpg
Skipping already processed image: R-13423250-1596533216-4039.jpg
Skipping already processed image: R-13424951-1553958362-1088.jpeg.jpg
Skipping already processed image: R-13437940-1554212203-2076.jpeg.jpg
Skipping already processed image: R-13527295-1583622738-3063.jpeg.jpg
Skipping already processed image: R-13527295-1583622739-6943.jpeg.jpg
Skipping already processed image: R-13527370-1555892779-5949.jpeg.jpg
Skipping already processed image: R-13527398-1555893752-5779.jpeg.jpg
Skipping already processed image: R-13556813-1556456876-5600.jpeg.jpg
Skipping already processed image: R-13601362-1557296478-9538.jpeg.jpg
Skipping already processed image: R-13651441-1558293914-5990.jpeg.jpg
Skipping already processed image: R-13651441-1558293920-9189.jpeg.jpg
Skipping already processed image: R-13667935-1558720432-3542.png.jpg
Skipping already processed image: R-13667935-1558720432-5766.png.jpg
Skipping already processed image: R-13719722-1559695066-8383.jpg
Skipping already processed image: R-13857794-1562697831-4664 (1).jpg
Skipping already processed image: R-1394052-1215898171.jpeg.jpg
Skipping already processed image: R-13961191-1564971981-2738.jpeg.jpg
Skipping already processed image: R-14081393-1583119617-9317.jpeg.jpg
Skipping already processed image: R-14081393-1583119619-8261.jpeg.jpg
Skipping already processed image: R-14153979-1568834795-2761.jpeg.jpg
Skipping already processed image: R-14266869-1571070892-7005.jpeg.jpg
Skipping already processed image: R-14481084-1575397491-8626.jpeg.jpg
Skipping already processed image: R-14535741-1576552374-1540.jpg
Skipping already processed image: R-14629593-1578505669-6995.jpeg.jpg
Skipping already processed image: R-14706092-1580028464-2891.jpeg.jpg
Skipping already processed image: R-14706092-1580028496-5652.jpeg.jpg
Skipping already processed image: R-14706092-1580028566-9351.jpeg.jpg
Skipping already processed image: R-14761411-1581089874-4376.png.jpg
Skipping already processed image: R-1493221-1341498683-4432.jpeg.jpg
Skipping already processed image: R-1493221-1401223050-1546.jpeg.jpg
Skipping already processed image: R-15260478-1588833661-3487.jpeg.jpg
Skipping already processed image: R-1567292-1228980328.jpeg.jpg
Skipping already processed image: R-1584640-1231341805.jpg
Skipping already processed image: R-15854225-1599554203-3659.png.jpg
Skipping already processed image: R-16102854-1604338851-2982.jpg
Skipping already processed image: R-1663475-1245180762.jpeg.jpg
Skipping already processed image: R-1663475-1385689288-4805.jpeg.jpg
Skipping already processed image: R-1663475-1385689524-8385.jpeg.jpg
Skipping already processed image: R-1679522-1393306144-9748.jpg
Skipping already processed image: R-1695526-1550742181-2582.jpeg.jpg
Skipping already processed image: R-17127672-1611746052-3336.png.jpg
Skipping already processed image: R-171952-1385645578-3924.jpeg.jpg
Skipping already processed image: R-178639-1469616498-9890.jpeg.jpg
Skipping already processed image: R-18992800-1622699754-3822.jpg
Skipping already processed image: R-1910718-1483528638-9195.jpeg.jpg
Skipping already processed image: R-1979347-1501021422-7970.jpeg.jpg
Skipping already processed image: R-1989233-1257036611.jpeg.jpg
Skipping already processed image: R-20200-1485544507-6212.jpeg.jpg
Skipping already processed image: R-2023470-1289401764.jpeg.jpg
Skipping already processed image: R-2065820-1476922364-1293.jpeg.jpg
Skipping already processed image: R-209221-1435436814-8588.jpeg.jpg
Skipping already processed image: R-21514807-1640700424-2698.jpg
Skipping already processed image: R-2196226-1408446633-7860.jpeg.jpg
Skipping already processed image: R-2224943-1464021638-8266.jpeg.jpg
Skipping already processed image: R-226132-1438201839-2876.jpeg.jpg
Skipping already processed image: R-2290118-1517864339-7532.jpg
Skipping already processed image: R-2307729-1551530721-5279.jpeg.jpg
Skipping already processed image: R-2420169-1332761058.jpeg.jpg
Skipping already processed image: R-2441366-1310866612.jpeg.jpg
Skipping already processed image: R-2441609-1284251873.jpg
Skipping already processed image: R-2603848-1292729918.jpeg.jpg
Skipping already processed image: R-2647404-1563985476-4759.jpeg.jpg
Skipping already processed image: R-2735305-1372867262-4031.jpg
Skipping already processed image: R-2794413-1301328494.jpeg.jpg
Skipping already processed image: R-2803827-1304181538.jpeg.jpg
Skipping already processed image: R-2811766-1307136565.jpeg.jpg
Skipping already processed image: R-2811766-1307136584.jpeg.jpg
Skipping already processed image: R-283326-1348614321-4840.jpeg.jpg
Skipping already processed image: R-2846073-1491948741-6141.jpeg.jpg
Skipping already processed image: R-2846552-1414772390-7263.jpg
Skipping already processed image: R-2911153-1394129572-3911.jpeg 1.jpg
Skipping already processed image: R-2915776-1429099947-9022.jpeg.jpg
Skipping already processed image: R-2952377-1308847153.jpeg.jpg
Skipping already processed image: R-2961095-1490634537-2788.jpeg.jpg
Skipping already processed image: R-2975456-1309976113.jpeg
Skipping already processed image: R-3044240-1327135272.jpeg.jpg
Skipping already processed image: R-3059621-1479996068-5203.jpeg.jpg
Skipping already processed image: R-307785-1325655222.jpeg.jpg
Skipping already processed image: R-309829-1308503447.jpg
Skipping already processed image: R-3115340-1523169597-1505.jpeg.jpg
Skipping already processed image: R-3171333-1318971495.jpg
Skipping already processed image: R-3259768-1462898623-5122.jpg
Skipping already processed image: R-3288037-1392607451-6524.jpeg.jpg
Skipping already processed image: R-3324547-1600889061-3027.jpeg
Skipping already processed image: R-333072-1180661712.jpeg.jpg
Skipping already processed image: R-3341030-1480354310-9887.jpeg.jpg
Skipping already processed image: R-3417120-1482786826-7730.jpg
Skipping already processed image: R-3453636-1507227902-2543.jpeg (1).jpg
Skipping already processed image: R-3498494-1332792857.jpeg.jpg
Skipping already processed image: R-3519554-1333733134.jpeg.jpg
Skipping already processed image: R-35999-1630157191-4742.jpg
Skipping already processed image: R-3653531-1542530712-9291.jpeg.jpg
Skipping already processed image: R-3685691-1488020576-2694.jpeg.jpg
Skipping already processed image: R-371537-1347221159-6983.jpeg.jpg
Skipping already processed image: R-371537-1347221172-4954.jpeg.jpg
Skipping already processed image: R-371537-1347221181-6771.jpeg.jpg
Skipping already processed image: R-371537-1347221187-2981.jpeg.jpg
Skipping already processed image: R-371537-1347221211-5432.jpeg.jpg
Skipping already processed image: R-371537-1347221213-7149.jpeg.jpg
Skipping already processed image: R-371537-1347221218-2849.jpeg.jpg
Skipping already processed image: R-3777090-1391672015-1452.jpeg.jpg
Skipping already processed image: R-3790174-1617142711-4938.jpeg.jpg
Skipping already processed image: R-3824484-1345882080-6948.jpeg.jpg
Skipping already processed image: R-3824484-1585500672-5959.jpeg (1).jpg
Skipping already processed image: R-3891491-1431800095-9194.jpeg.jpg
Skipping already processed image: R-3914118-1349037599-5226.jpeg.jpg
Skipping already processed image: R-396871-1195812857.jpg
Skipping already processed image: R-3999297-1395806288-1006.jpeg.jpg
Skipping already processed image: R-4003968-1586994853-2438.jpeg 1.jpg
Skipping already processed image: R-4042371-1393917913-7450.jpeg.jpg
Skipping already processed image: R-4044716-1463769304-6262.jpeg.jpg
Skipping already processed image: R-413794-1259090919.jpg
Skipping already processed image: R-4152613-1484950439-7256.jpeg.jpg
Skipping already processed image: R-4152613-1484950455-5112.jpeg.jpg
Skipping already processed image: R-4174795-1446997050-6366.jpeg.jpg
Skipping already processed image: R-4230271-1359184597-4092.jpeg.jpg
Skipping already processed image: R-4230271-1359184605-1518.jpeg.jpg
Skipping already processed image: R-4264216-1451515367-4570.jpeg.jpg
Skipping already processed image: R-4389307-1449545824-7375.jpeg.jpg
Skipping already processed image: R-440955-1402097459-9815.jpeg.jpg
Skipping already processed image: R-4452671-1365273054-3687.jpeg.jpg
Skipping already processed image: R-4469332-1365759824-4801.jpg
Skipping already processed image: R-4469332-1365759893-2917.jpg
Skipping already processed image: R-4591745-1507297521-8931.jpeg.jpg
Skipping already processed image: R-4598878-1465650240-5846.jpeg.jpg
Skipping already processed image: R-4601728-1563580154-8804.jpeg.jpg
Skipping already processed image: R-4641657-1370803496-6397.jpeg.jpg
Skipping already processed image: R-4659788-1465650450-9825.jpeg.jpg
Skipping already processed image: R-4692595-1501274501-1304.jpeg.jpg
Skipping already processed image: R-4700923-1372696101-8130.jpeg 1.jpg
Skipping already processed image: R-4711573-1458230905-8556.jpeg.jpg
Skipping already processed image: R-4731643-1373719594-7940.jpeg 1.jpg
Skipping already processed image: R-4731689-1586996125-7045.jpeg 1.jpg
Skipping already processed image: R-4731689-1586996125-7045.jpeg.jpg
Skipping already processed image: R-4871197-1378081303-2490.jpg
Skipping already processed image: R-4944634-1380189741-1060.jpeg.jpg
Skipping already processed image: R-5017511-1582532715-2235.jpeg.jpg
Skipping already processed image: R-5092745-1411128881-6834.jpeg.jpg
Skipping already processed image: R-5168350-1398453869-6087.jpeg 1.jpg
Skipping already processed image: R-5168350-1398453869-6087.jpeg.jpg
Skipping already processed image: R-5168479-1386362873-3773.jpg
Skipping already processed image: R-5168479-1386362927-5757.jpg
Skipping already processed image: R-5225911-1580318182-2006.jpg
Skipping already processed image: R-5251442-1388764684-6321.jpeg.jpg
Skipping already processed image: R-5279013-1479227917-5543.jpg
Skipping already processed image: R-5345905-1486814239-9431.jpeg.jpg
Skipping already processed image: R-5389653-1392157395-1524.jpeg.jpg
Skipping already processed image: R-549422-1173002975.jpeg.jpg
Skipping already processed image: R-5495556-1394871414-7500.jpeg.jpg
Skipping already processed image: R-552609-1532362628-5094.jpeg.jpg
Skipping already processed image: R-5532863-1395818612-7006.jpeg 1.jpg
Skipping already processed image: R-5532863-1585055484-6807.jpeg.jpg
Skipping already processed image: R-558515-1245458403.jpeg.jpg
Skipping already processed image: R-559399-1335278668.jpg
Skipping already processed image: R-5745732-1401492559-3718.jpeg 1.jpg
Skipping already processed image: R-5745732-1401492559-3718.jpeg.jpg
Skipping already processed image: R-5745732-1401492566-7606.jpeg 1.jpg
Skipping already processed image: R-5745732-1401492566-7606.jpeg.jpg
Skipping already processed image: R-5830773-1430595856-2385.jpeg.jpg
Skipping already processed image: R-5902715-1486593346-3324.jpg
Skipping already processed image: R-5902715-1486593356-4811.jpg
Skipping already processed image: R-5902715-1486593358-5018.jpg
Skipping already processed image: R-6009340-1408718360-1203.jpeg.jpg
Skipping already processed image: R-6091035-1410819851-4387.jpeg.jpg
Skipping already processed image: R-6112945-1411389496-3701.jpeg.jpg
Skipping already processed image: R-6173080-1567660066-4937.jpg
Skipping already processed image: R-6374603-1417738685-3668.jpg
Skipping already processed image: R-639111-1141918281.jpeg.jpg
Skipping already processed image: R-6434280-1419133363-6279.jpeg.jpg
Skipping already processed image: R-6482960-1451427139-5790.jpeg.jpg
Skipping already processed image: R-6518466-1421362368-2772.jpeg.jpg
Skipping already processed image: R-6522842-1421182800-1439.jpg
Skipping already processed image: R-655661-1481479058-4165.jpeg.jpg
Skipping already processed image: R-6583509-1452704640-7642.jpg
Skipping already processed image: R-6588332-1422623362-7390.jpeg.jpg
Skipping already processed image: R-6591456-1422683380-5780.jpeg.jpg
Skipping already processed image: R-6675836-1478638007-8397.jpeg.jpg
Skipping already processed image: R-6675836-1478638008-1948.jpeg.jpg
Skipping already processed image: R-6737554-1427198682-5959.jpeg.jpg
Skipping already processed image: R-6743003-1592241213-1977.jpeg.jpg
Skipping already processed image: R-6795095-1426781738-9163.jpeg (1).jpg
Skipping already processed image: R-6795095-1426781738-9163.jpeg.jpg
Skipping already processed image: R-6806097-1427022588-6454.jpg
Skipping already processed image: R-6838167-1427675967-6817.jpeg.jpg
Skipping already processed image: R-6887755-1428793611-4516.jpeg.jpg
Skipping already processed image: R-6894527-1428949863-5812.jpeg.jpg
Skipping already processed image: R-6909091-1429369259-6678.jpeg.jpg
Skipping already processed image: R-6920970-1429544817-8669.jpeg (1).jpg
Skipping already processed image: R-6935048-1430042956-2264.jpeg.jpg
Skipping already processed image: R-6948044-1430162650-9417.jpeg.jpg
Skipping already processed image: R-7083378-1433318856-4313.jpeg.jpg
Skipping already processed image: R-7177596-1435986303-6604.jpeg.jpg
Skipping already processed image: R-7249546-1466768387-4250.jpeg (1).jpg
Skipping already processed image: R-7249546-1466768387-4250.jpeg.jpg
Skipping already processed image: R-7403344-1471328039-8641.jpeg.jpg
Skipping already processed image: R-7444730-1441635107-7827.jpeg.jpg
Skipping already processed image: R-7495453-1442664179-4513.jpeg.jpg
Skipping already processed image: R-7530081-1443381850-9088.jpeg.jpg
Skipping already processed image: R-7859021-1510514780-2969.jpg
Skipping already processed image: R-7862204-1450388959-1770.jpeg.jpg
Skipping already processed image: R-7891316-1451062592-3606.jpeg.jpg
Skipping already processed image: R-7891318-1451062603-4854.jpeg.jpg
Skipping already processed image: R-7957926-1518385901-2093.jpeg.jpg
Skipping already processed image: R-7957926-1518385901-2098.jpeg.jpg
Skipping already processed image: R-797973-1300843833.jpg
Skipping already processed image: R-8033327-1453912876-2372.jpeg.jpg
Skipping already processed image: R-8157935-1456223483-5311.jpeg.jpg
Skipping already processed image: R-8225002-1457469011-4367.jpeg.jpg
Skipping already processed image: R-8272891-1551579291-6083.jpeg.jpg
Skipping already processed image: R-8288509-1458693318-3008.jpg
Skipping already processed image: R-8456613-1461975045-3030.jpg
Skipping already processed image: R-8542785-1518066008-5719.jpg
Skipping already processed image: R-8567915-1467497687-5737.jpg
Skipping already processed image: R-857260-1566205349-8333.jpeg.jpg
Skipping already processed image: R-8579597-1464444387-6030.jpeg.jpg
Skipping already processed image: R-861610-1644860975-1360.jpg
Skipping already processed image: R-8631332-1509095249-8349.jpeg.jpg
Skipping already processed image: R-8636698-1465643825-8764.jpeg.jpg
Skipping already processed image: R-8708456-1549789609-5033.jpeg.jpg
Skipping already processed image: R-8752363-1468003668-8187.jpeg.jpg
Skipping already processed image: R-9043197-1473779753-5022.jpeg.jpg
Skipping already processed image: R-9043197-1473779760-2465.jpeg.jpg
Skipping already processed image: R-9049905-1473888654-5032.jpg
Skipping already processed image: R-9373058-1479443652-6191.jpeg.jpg
Skipping already processed image: R-9425748-1491663847-3425.jpeg.jpg
Skipping already processed image: R-9464359-1481033535-1868.jpeg.jpg
Skipping already processed image: R-9506048-1567577198-7101.jpeg.jpg
Skipping already processed image: R-9513684-1481897837-7661.jpeg.jpg
Skipping already processed image: R-9554775-1506363487-1157.jpeg.jpg
Skipping already processed image: R-96671-1257511246.jpg
Skipping already processed image: R-9721595-1485324695-7207.jpeg.jpg
Skipping already processed image: R-9728708-1485441480-8310.jpeg.jpg
Skipping already processed image: R-978564-1453821954-8810.jpeg.jpg
Skipping already processed image: R-9847610-1544895096-5119.jpeg.jpg
Skipping already processed image: R-9847610-1544895097-3872.jpeg.jpg
Skipping already processed image: R-9949950-1489086472-1994.jpg
Skipping already processed image: R-9951523-1489117033-3387.jpeg 1.jpg
Skipping already processed image: R-9951523-1489117033-3387.jpeg.jpg
Skipping already processed image: R-9971077-1493329893-9262.jpg
Skipping already processed image: R057-658x556.jpg
Skipping already processed image: R057A-658x522.jpg
Skipping already processed image: ravescene41_0000.jpg
Skipping already processed image: remkoschacover-sm.jpg
Skipping already processed image: Sadao Watanabe 1979 Morning Island LP OBI face.jpg
Skipping already processed image: sanchez-2.jpg
Skipping already processed image: San_Diego_Macintosh_User_Group_SDMUG_Resources_newsletter_1989-10_0000.jpg
Skipping already processed image: San_Diego_Macintosh_User_Group_SDMUG_Resources_newsletter_1989-11_0000.jpg
Skipping already processed image: San_Diego_Macintosh_User_Group_SDMUG_Resources_newsletter_1990-01_0000.jpg
Skipping already processed image: San_Diego_Macintosh_User_Group_SDMUG_Resources_newsletter_1990-04_0000.jpg
Skipping already processed image: scan0001.jpg
Skipping already processed image: scan0002.jpg
Skipping already processed image: scan0025.jpg
Skipping already processed image: spaceVhs.jpg
Skipping already processed image: ssssssssssssssssss.jpg
Skipping already processed image: surreal-illustrations-guy-billout-1-5846d294ee9f8__605.jpg
Skipping already processed image: surreal-illustrations-guy-billout-17-5846d2b81bfaf__605.jpg
Skipping already processed image: surreal-illustrations-guy-billout-18-5846d2baeeecd__605.jpg
Skipping already processed image: surreal-illustrations-guy-billout-24-5846d2c9e9d19__605.jpg
Skipping already processed image: surreal-illustrations-guy-billout-41-5846d2f0bbdb1__605.jpg
Skipping already processed image: surreal-illustrations-guy-billout-42-5846d2f3d81fb__605.jpg
Skipping already processed image: surreal-illustrations-guy-billout-43-5846d2f693113__605.jpg
Skipping already processed image: surreal-illustrations-guy-billout-63-5846d3278cf27__605.jpg
Skipping already processed image: surreal-illustrations-guy-billout-67-5846d33643a4a__605.jpg
Skipping already processed image: surreal-illustrations-guy-billout-8-5846d2a5205a7__605.jpg
Skipping already processed image: tbm0d2ea8bj894newqdz.png
Skipping already processed image: texture.png
Skipping already processed image: theylive.jpg
Skipping already processed image: tibet.jpg
Skipping already processed image: tmp_2F1406667941444-7vjnpv7lh6y74x6r-5cd00a545de542c74aa6c2e00ae6a726_2FLITA120_SupremeJubilees.jpg
Skipping already processed image: tumblr_00bf1db4490cfaf3324d605c75c72d1b_08bda967_1280.png
Skipping already processed image: tumblr_013712588c611a9105bf9f028e8225f4_c795cd5e_640.jpg
Skipping already processed image: tumblr_047125b8d03bb3430798c442d0f4435d_b6d9ef83_1280.jpg
Skipping already processed image: tumblr_0594d9bd7260f1e841dda783adf7688e_c1f06ea5_500.jpg
Skipping already processed image: tumblr_08f944640991729e5fc2af6b0291bfaa_182f3b9a_1280.jpg
Skipping already processed image: tumblr_09e3eb63b0152a6c1a4f1040fe71f4ae_f0973ea8_1280.jpg
Skipping already processed image: tumblr_09e91ed5e98c0cf1847ad7ef1a20c31e_2bbeca2a_500.jpg
Skipping already processed image: tumblr_1407e54e35b91d56d95ec5751a04783a_e4915ada_500.png
Skipping already processed image: tumblr_14fa867733e26967137698985464b372_af349ecc_512.jpg
Skipping already processed image: tumblr_16ab5a93d6ac865417d8bf593bb30fdd_52fcf179_1280.jpg
Skipping already processed image: tumblr_1764fcfe8a1f6d558195b6d0f24f403a_b865e8fe_500.png
Skipping already processed image: tumblr_25b8a03a1755948ff8de8257df949a1b_62aaff94_500.png
Skipping already processed image: tumblr_292e588d787c499e831abfcc21855893_5d36bc5a_1280.jpg
Skipping already processed image: tumblr_2abfe2033782b5fa4d3fc98b84826e72_3d48ad67_500.png
Skipping already processed image: tumblr_2fc1a17f2d7e03d2ac7bdac7183c9f96_6a5dcc36_640.jpg
Skipping already processed image: tumblr_328a3d29b85a0234740f59c36d0474a4_b4b82c14_500.jpg
Skipping already processed image: tumblr_32bca1cea35576a6a0e47384d3dc80a3_c500ee16_1280.jpg
Skipping already processed image: tumblr_333fd6e477ddaddd7bcd22e2ace9597b_ec7e9a51_1280.jpg
Skipping already processed image: tumblr_3355bbc53590de27caa32e4a3412cfae_3bc675ad_500.jpg
Skipping already processed image: tumblr_3b1d5d0b886f4c0f4b3783142afbdfc9_1e74bff6_1280.jpg
Skipping already processed image: tumblr_3d125f9af55343361ba35e5a8c21ab6c_3feb3a0d_1280.jpg
Skipping already processed image: tumblr_44a1c27fb20597f4473741f7e2f2c6be_54a2f454_1280.jpg
Skipping already processed image: tumblr_4b0f4838bc6e4b378038d93505b35520_398951a4_500.png
Skipping already processed image: tumblr_66679971dafbdf03407836678d07ec53_f7d5b75a_500.png
Skipping already processed image: tumblr_69a87a96b4a3625a5321a3103de91a6a_096f01b8_1280.jpg
Skipping already processed image: tumblr_73ac5086295205f24bcf240d6b730f9e_c1846c9e_1280.jpg
Skipping already processed image: tumblr_756c431e75d825825550a4eee91979ba_03f701a8_500.jpg
Skipping already processed image: tumblr_78b9f4efaef0810d823a0935becdc612_a221aae0_1280.jpg
Skipping already processed image: tumblr_7bb786a1208599fe437ae325eccd6290_6f888158_1280.jpg
Skipping already processed image: tumblr_7c0f358f58eba72cb3a6ccc17d3fc576_542c13d4_1280.jpg
Skipping already processed image: tumblr_8083c6503696a144c5d3949c0fb9ec08_d800197a_1280.jpg
Skipping already processed image: tumblr_80a2c519afa3be2444bfb753535262d0_86fcbfd2_1280.jpg
Skipping already processed image: tumblr_828d3844a26edc2c462de46c43c4a560_b4f7012d_500.jpg
Skipping already processed image: tumblr_85e404b9154bed20e86bbeb34f51f8b9_f3beaa0e_1280.jpg
Skipping already processed image: tumblr_8c1f734ea4c468c2a7326adc80389901_007929ce_1280.jpg
Skipping already processed image: tumblr_91c7a642b9be32c26ca7926d987ed285_81ae8733_500.jpg
Skipping already processed image: tumblr_945d281a5ec4bb6d218853033d155976_1f351a67_500.jpg
Skipping already processed image: tumblr_95aba49f09ab1e7323ff64682a6f5597_a57b8a12_640.jpg
Skipping already processed image: tumblr_9c7198142a8abb9bcf74f27fbb7a2a6e_74702d0c_540.jpg
Skipping already processed image: tumblr_a2025c33941370a8a79fad1f16a298e2_ad7ca8c6_500.png
Skipping already processed image: tumblr_a3879cd0d8edc4339e135a6975294674_0c78f0ce_500.png
Skipping already processed image: tumblr_a5b8b9f55c49a22dec73ded5a3ba68bd_80a2ec5a_1280.jpg
Skipping already processed image: tumblr_a67ec5e19fff60fd840cbae12b9cbfc3_9ed42ff9_500.jpg
Skipping already processed image: tumblr_a7060912310a7ec44941b1c81f13f824_5cec7920_640.jpg
Skipping already processed image: tumblr_a9a0678f055a7adfa08d1430d2e3d347_c6652def_1280.jpg
Skipping already processed image: tumblr_ae6850d322cf7c50c85548f707aeed37_fb4d4e08_500.jpg
Skipping already processed image: tumblr_af6f662acdb9c61629fd2fd2b37b3bce_0d137008_1280.png
Skipping already processed image: tumblr_b0f83c240e307da895c6332718c13434_5f5f33f3_500.png
Skipping already processed image: tumblr_b55425d27049c7b291f6e1ec00ab9089_e4bec211_500.jpg
Skipping already processed image: tumblr_b839ed77e49355f116d76338009b328c_27b1f77a_640.jpg
Skipping already processed image: tumblr_bebffb5480e9dc4c5bf5ac3fd841c3c4_e080df58_1280.jpg
Skipping already processed image: tumblr_c88bdc4b4ffce21e03add96b0e953523_2a10eb8b_1280.jpg
Skipping already processed image: tumblr_c9e4407da0d0c2da80087f51ad01a0b1_35c99e38_640.jpg
Skipping already processed image: tumblr_cd0b07dbff9a89d639d6048857c7bd47_0f8064b4_1280.jpg
Skipping already processed image: tumblr_d05a8780c54ea0fba4229c3b517565c7_80604176_1280.jpg
Skipping already processed image: tumblr_d17fff68f708e0027cda9ead676d786a_275a6ec0_640.jpg
Skipping already processed image: tumblr_d1a5b6853313171f0f5fa81513f0ecba_dba65eb6_1280.jpg
Skipping already processed image: tumblr_d658bb2ae6c1f6751de528e24651af76_298c651e_1280.jpg
Skipping already processed image: tumblr_d8331653318b0486126394b3518a8a86_3151137e_400.png
Skipping already processed image: tumblr_d8a26400ee8e300da7f9af0dc89ed66e_23ae2816_640.jpg
Skipping already processed image: tumblr_dc2241f467e73f227d8c46f1f08aaa9f_dcdcd3ad_500.jpg
Skipping already processed image: tumblr_e1efb8f436956e52149b29934c2a381e_96091d7f_1280.png
Skipping already processed image: tumblr_e2f4bb5a7ce7551dfbb330bc880c9062_b415201c_1280.jpg
Skipping already processed image: tumblr_ef9bd32d34ed75d8b111cbf7139bcc36_f402463c_1280.png
Skipping already processed image: tumblr_f1af7fe6f5bfa6364f6e9dbebe344b00_d18a76bf_500.jpg
Skipping already processed image: tumblr_f615dc27a4492c841dd924e0d4dfa245_777e114f_500.jpg
Skipping already processed image: tumblr_f680d9c968fd9d234f2ea080663b4758_321bc5b6_1280.jpg
Skipping already processed image: tumblr_fb843599385ad51cc8619206c9d369fb_08875e90_500.jpg
Skipping already processed image: tumblr_ff6f5ae3d8628980c2b230ab81e72fa1_eef82bb8_400.png
Skipping already processed image: tumblr_ffa8e76dee95520965bf5f9572373b46_453168f4_500.jpg
Skipping already processed image: tumblr_lp5hbzmhNt1qej94po11_r1_640.jpg
Skipping already processed image: tumblr_lp5hbzmhNt1qej94po1_1280.jpg
Skipping already processed image: tumblr_magd8zlWLT1r95cn1o1_500.jpg
Skipping already processed image: tumblr_mjex6m0EcG1qkjf1go1_1280.jpg
Skipping already processed image: tumblr_mk0xeuJpu71reyt7eo1_500.jpg
Skipping already processed image: tumblr_mmi0vjSse71qhsrcho1_500.jpg
Skipping already processed image: tumblr_mourh1VkCF1qkcj94o1_1280.jpg
Skipping already processed image: tumblr_msslp51hH31qjh7zko1_r1_1280.jpg
Skipping already processed image: tumblr_mt9ihttocd1qgm6uqo1_500.jpg
Skipping already processed image: tumblr_mukpjttPpf1rs1gaeo1_640.jpg
Skipping already processed image: tumblr_mzxghuqggo1rr1oapo1_1280.jpg
Skipping already processed image: tumblr_n05witLYAQ1qzqju7o1_640.jpg
Skipping already processed image: tumblr_n5qh46KNVx1ssnyfvo1_1280.jpg
Skipping already processed image: tumblr_n62ayysaYx1r1gyewo1_1280.jpg
Skipping already processed image: tumblr_n7wr77l5No1s27wxco1_500.jpg
Skipping already processed image: tumblr_ncgfgcQu8v1qe0hwyo1_500.jpg
Skipping already processed image: tumblr_ndod57Sg0B1qhrm3lo1_640.png
Skipping already processed image: tumblr_ne4g8niFpe1tvhjyno1_1280.jpg
Skipping already processed image: tumblr_nelqmnX8zP1qznydjo1_400.jpg
Skipping already processed image: tumblr_nfhq4gzS631rtynt1o1_1280.jpg
Skipping already processed image: tumblr_ngo80mvgGl1qbzzgco1_540.png
Skipping already processed image: tumblr_nh55l3hAlZ1sswdljo1_1280.jpg
Skipping already processed image: tumblr_nj0wzmqn4p1ts0sbko1_500.jpg
Skipping already processed image: tumblr_njyln6XiJj1qzp3szo1_1280.jpg
Skipping already processed image: tumblr_nm2uyyedPN1tx63ego1_1280.jpg
Skipping already processed image: tumblr_nm2uyyedPN1tx63ego2_1280.jpg
Skipping already processed image: tumblr_nmic5xXujd1s6gnx2o1_540.jpg
Skipping already processed image: tumblr_nn4rsa54JD1qmvd5co1_640.jpg
Skipping already processed image: tumblr_nnmeerg0xb1qlriuxo1_640.jpg
Skipping already processed image: tumblr_nnv0ipluzM1qbmduso1_1280.jpg
Skipping already processed image: tumblr_nq4vllq8ut1uw3d8yo1_1280.jpg
Skipping already processed image: tumblr_nqk3gdyLpG1qzs8ldo1_r1_640.png
Skipping already processed image: tumblr_nqtj3sMLhv1rqox8to1_640.jpg
Skipping already processed image: tumblr_nre8rpsayY1us90bfo1_1280.jpg
Skipping already processed image: tumblr_nrn4987n7w1qdhmvlo1_r1_640.jpg
Skipping already processed image: tumblr_nsapzkW9QW1qigaa4o1_1280.jpg
Skipping already processed image: tumblr_ntguryB8fv1ttxfeno1_500.jpg
Skipping already processed image: tumblr_nugh2aUPDG1sswdljo1_1280.jpg
Skipping already processed image: tumblr_nuu038dxnh1t0co30o1_1280.png
Skipping already processed image: tumblr_nvr91mYX1Y1qmvd5co1_640.jpg
Skipping already processed image: tumblr_nxrfu2B9nW1tcs4dno1_1280.jpg
Skipping already processed image: tumblr_nz5ik5Ufe71reb39no1_1280.jpg
Skipping already processed image: tumblr_o03hatTda11tgzwu6o1_500.jpg
Skipping already processed image: tumblr_o1535xnTPE1r0tw22o1_r1_1280.jpg
Skipping already processed image: tumblr_o2xl8wMIdY1s0lr9co1_1280.jpg
Skipping already processed image: tumblr_o34c61ca8h1uhp4cgo1_1280.jpg
Skipping already processed image: tumblr_o4lklfXzi61sqxw6oo1_540.jpg
Skipping already processed image: tumblr_o5dc8s0Ybg1tmphlao1_1280.jpg
Skipping already processed image: tumblr_o6p5tmrraj1rlotjuo1_1280.jpg
Skipping already processed image: tumblr_o6sekuItyR1s1vn29o1_1280.jpg
Skipping already processed image: tumblr_o8gng27SiO1tmphlao1_1280.jpg
Skipping already processed image: tumblr_o8ofjzaP3c1tmphlao1_1280.jpg
Skipping already processed image: tumblr_o90yu9SZcb1sizr65o1_1280.jpg
Skipping already processed image: tumblr_o9wtdqBfjN1vnm7bio1_1280.jpg
Skipping already processed image: tumblr_oa14sklxI61rvvyydo1_1280.jpg
Skipping already processed image: tumblr_oa48ayrBzq1rpgpe2o1_1280.jpg
Skipping already processed image: tumblr_oagswqaQua1ulfp4fo1_1280.jpg
Skipping already processed image: tumblr_oc7ejvDlfk1vu3pvco1_1280.jpg
Skipping already processed image: tumblr_ocekfjsSIy1qgqv1io1_1280.jpg
Skipping already processed image: tumblr_ocxl48bnFw1tmphlao1_1280.jpg
Skipping already processed image: tumblr_odd4vpx5KX1s7t3woo1_500.jpg
Skipping already processed image: tumblr_oe2bqiXziI1rj6lpxo1_1280.jpg
Skipping already processed image: tumblr_ofw75xKYoA1rijwyno1_1280.jpg
Skipping already processed image: tumblr_oh2ydzMX1X1tvhjyno1_1280.jpg
Skipping already processed image: tumblr_ohpluchJGP1qd0hmpo1_1280.jpg
Skipping already processed image: tumblr_ohvq2tFIi11tjjzxpo1_1280.jpg
Skipping already processed image: tumblr_ohz3xaItVl1rlotjuo1_1280.jpg
Skipping already processed image: tumblr_ohzshaBh7w1qz6pmjo1_640.jpg
Skipping already processed image: tumblr_oi0qv8YmLB1tmphlao1_1280.jpg
Skipping already processed image: tumblr_ojxx2akY1u1qkbpm3o1_500.jpg
Skipping already processed image: tumblr_olotuytbU51tlh0kzo1_500.jpg
Skipping already processed image: tumblr_om1l3mAPku1qcpmmxo1_1280.jpg
Skipping already processed image: tumblr_opdebkNEtp1qa7sluo1_1280.jpg
Skipping already processed image: tumblr_origufLAi51vmj3voo1_500.jpg
Skipping already processed image: tumblr_osck6rhhnV1u1921jo1_1280.jpg
Skipping already processed image: tumblr_osq9haCU2U1snhn1io1_1280.jpg
Skipping already processed image: tumblr_ot04xa6Nmi1qdzoq5o2_1280.jpg
Skipping already processed image: tumblr_ouxrkaHGST1vaagnro1_1280.jpg
Skipping already processed image: tumblr_ov70ktpdXC1tdh567o1_640.jpg
Skipping already processed image: tumblr_ovig8gJNPG1tmphlao1_1280.jpg
Skipping already processed image: tumblr_ovofbiLP9A1ts0sbko1_500.jpg
Skipping already processed image: tumblr_ovz42cmuTP1tmphlao1_1280.jpg
Skipping already processed image: tumblr_ow0ac6NnpB1tmphlao1_1280.jpg
Skipping already processed image: tumblr_owgy36QCGf1v6u0owo1_1280.jpg
Skipping already processed image: tumblr_owng1iWzA71tb8ujyo1_1280.jpg
Skipping already processed image: tumblr_oxk01e0lWk1w43rk9o1_1280.jpg
Skipping already processed image: tumblr_oxl845YRvw1tcyjgmo1_640.jpg
Skipping already processed image: tumblr_oxl845YRvw1tcyjgmo2_640.jpg
Skipping already processed image: tumblr_oxzz8kNv2T1r7zc2ko1_1280.jpg
Skipping already processed image: tumblr_oy13piE2251r7zc2ko1_1280.jpg
Skipping already processed image: tumblr_ozh9j6jNOO1ug61g6o1_1280.jpg
Skipping already processed image: tumblr_p2yrcrk1eK1vlks32o1_1280.jpg
Skipping already processed image: tumblr_p3t6dfGL1c1qzdw6bo1_1280.jpg
Skipping already processed image: tumblr_p82yi5YgtV1vmvtfeo1_1280.png
Skipping already processed image: tumblr_p8n58pBzhs1xoncgjo1_640.jpg
Skipping already processed image: tumblr_pbuoupqQhQ1vltj92o1_1280.jpg
Skipping already processed image: tumblr_pcfthnJOt31sfggrfo1_640.jpg
Skipping already processed image: tumblr_pe9h87SMzW1wgsj27o1_640.jpg
Skipping already processed image: tumblr_ped9zu8fIG1rzmnzao1_1280.jpg
Skipping already processed image: tumblr_ph9f2mlTnH1qeenqgo1_640.jpg
Skipping already processed image: tumblr_phmlddmr021xuk1ipo1_640.jpg
Skipping already processed image: tumblr_phops06wGk1r6v8t0o1_500.jpg
Skipping already processed image: tumblr_pibbm9CBmE1u1az8lo1_1280.jpg
Skipping already processed image: tumblr_pje1agH45p1r6skf5o1_500.jfif
Skipping already processed image: tumblr_pjuwxaezeC1v0jfsto1_1280.jpg
Skipping already processed image: tumblr_pnr2w4BXqG1qj7kyho1_1280.jpg
Skipping already processed image: tumblr_pntwkqR7KQ1sndzdgo1_1280.jpg
Skipping already processed image: tumblr_powc55eWvj1ufpgego1_1280.jpg
Skipping already processed image: tumblr_ppjtxr4kIg1qix8dgo1_640.jpg
Skipping already processed image: tumblr_praa6aTaYV1tawbs1o1_1280.jpg
Skipping already processed image: tumblr_prcx822Dys1rijwyno2_640.jpg
Skipping already processed image: tumblr_ptx8oi1rMu1s5ljg4o1_1280.jpg
Skipping already processed image: vhs1.jpg
Skipping already processed image: vhs2.jpg
Skipping already processed image: yl03s9tub9f31.jpg
Processed and saved colors for GkZnSUpXMAMLVru.jpg
Processed and saved colors for GkZnO0PWgAAogfY.jpg
Processed and saved colors for GBHi74IbkAALg28.jpg
Processed and saved colors for GkZnQm2XoAAbWTQ.jpg
Processed and saved colors for GljVM95WEAAVeIn.jpg
Processed and saved colors for GljVOGOXoAAIUvo.jpg
Processed and saved colors for GkZnUDHXgAAyJ7S.jpg
Processed and saved colors for GljVPsvXcAABYX9.jpg
Processed and saved colors for GniUunwWcAIQ2QC.jpg
Processed and saved colors for Gmq-AjKX0AAIgaL.jpg
Processed and saved colors for GneJdWuWsAAkUvW.jpg
Processed and saved colors for GneJdWkXgAAsI9k.jpg
Processed and saved colors for GniUw5ZWoAEo3K2.jpg
Processed and saved colors for GnOfCrlW4AAf7ws.png
Processed and saved colors for Gnl-vU8aMAAW0Fi.png
Processed and saved colors for Gnl_AHoa8AAXf3B.png
Processed and saved colors for Gnl-1NEaMAEffr9.png
Processed and saved colors for GniUpKfXsAADC4s.jpg
Processed and saved colors for Gnl-svRbkAA-sRE.png
Processed and saved colors for R-2473369-1367776161-2440.jpg
Processed and saved colors for Gnun1LIbYAIKKQO.jpg
Processed and saved colors for GjHYKPuXoAAQmh4.jpg
Processed and saved colors for GnuY0MhbYAAxMWV.jpg
Processed and saved colors for R-860900-1627356790-1932.jpg
Processed and saved colors for R-860900-1627356801-9081.jpg
Processed and saved colors for R-2473369-1501662019-8340.jpg
Processed and saved colors for GklbfnoWEAAuOId.png
Processed and saved colors for GneJdWlWcAE0r7N.jpg
